{"total": {"lines":{"total":191,"covered":126,"skipped":0,"pct":65.96},"statements":{"total":214,"covered":144,"skipped":0,"pct":67.28},"functions":{"total":38,"covered":22,"skipped":0,"pct":57.89},"branches":{"total":40,"covered":29,"skipped":0,"pct":72.5},"branchesTrue":{"total":0,"covered":0,"skipped":0,"pct":100}}
,"/Users/denisniwemugisha/mybrand-nodejs-Api-s/src/Routes/blogs.js": {"lines":{"total":15,"covered":15,"skipped":0,"pct":100},"functions":{"total":1,"covered":1,"skipped":0,"pct":100},"statements":{"total":16,"covered":16,"skipped":0,"pct":100},"branches":{"total":2,"covered":2,"skipped":0,"pct":100}}
,"/Users/denisniwemugisha/mybrand-nodejs-Api-s/src/Routes/messages.js": {"lines":{"total":10,"covered":10,"skipped":0,"pct":100},"functions":{"total":1,"covered":1,"skipped":0,"pct":100},"statements":{"total":10,"covered":10,"skipped":0,"pct":100},"branches":{"total":2,"covered":2,"skipped":0,"pct":100}}
,"/Users/denisniwemugisha/mybrand-nodejs-Api-s/src/cloudinary/cloudinary.js": {"lines":{"total":9,"covered":6,"skipped":0,"pct":66.66},"functions":{"total":4,"covered":1,"skipped":0,"pct":25},"statements":{"total":10,"covered":7,"skipped":0,"pct":70},"branches":{"total":2,"covered":2,"skipped":0,"pct":100}}
,"/Users/denisniwemugisha/mybrand-nodejs-Api-s/src/cloudinary/multer.js": {"lines":{"total":4,"covered":3,"skipped":0,"pct":75},"functions":{"total":2,"covered":1,"skipped":0,"pct":50},"statements":{"total":5,"covered":4,"skipped":0,"pct":80},"branches":{"total":2,"covered":2,"skipped":0,"pct":100}}
,"/Users/denisniwemugisha/mybrand-nodejs-Api-s/src/connections/mongDBconnect.js": {"lines":{"total":4,"covered":4,"skipped":0,"pct":100},"functions":{"total":2,"covered":2,"skipped":0,"pct":100},"statements":{"total":5,"covered":5,"skipped":0,"pct":100},"branches":{"total":2,"covered":2,"skipped":0,"pct":100}}
,"/Users/denisniwemugisha/mybrand-nodejs-Api-s/src/controllers/blogs.js": {"lines":{"total":44,"covered":19,"skipped":0,"pct":43.18},"functions":{"total":8,"covered":3,"skipped":0,"pct":37.5},"statements":{"total":49,"covered":21,"skipped":0,"pct":42.85},"branches":{"total":6,"covered":3,"skipped":0,"pct":50}}
,"/Users/denisniwemugisha/mybrand-nodejs-Api-s/src/controllers/comments.js": {"lines":{"total":33,"covered":9,"skipped":0,"pct":27.27},"functions":{"total":4,"covered":1,"skipped":0,"pct":25},"statements":{"total":34,"covered":10,"skipped":0,"pct":29.41},"branches":{"total":6,"covered":2,"skipped":0,"pct":33.33}}
,"/Users/denisniwemugisha/mybrand-nodejs-Api-s/src/controllers/messages.js": {"lines":{"total":24,"covered":14,"skipped":0,"pct":58.33},"functions":{"total":5,"covered":3,"skipped":0,"pct":60},"statements":{"total":27,"covered":15,"skipped":0,"pct":55.55},"branches":{"total":6,"covered":2,"skipped":0,"pct":33.33}}
,"/Users/denisniwemugisha/mybrand-nodejs-Api-s/src/documentation/swagger.doc.js": {"lines":{"total":5,"covered":5,"skipped":0,"pct":100},"functions":{"total":0,"covered":0,"skipped":0,"pct":100},"statements":{"total":6,"covered":6,"skipped":0,"pct":100},"branches":{"total":0,"covered":0,"skipped":0,"pct":100}}
,"/Users/denisniwemugisha/mybrand-nodejs-Api-s/src/middlewares/asyncWrapper.js": {"lines":{"total":6,"covered":6,"skipped":0,"pct":100},"functions":{"total":2,"covered":2,"skipped":0,"pct":100},"statements":{"total":6,"covered":6,"skipped":0,"pct":100},"branches":{"total":0,"covered":0,"skipped":0,"pct":100}}
,"/Users/denisniwemugisha/mybrand-nodejs-Api-s/src/middlewares/auth.js": {"lines":{"total":13,"covered":13,"skipped":0,"pct":100},"functions":{"total":2,"covered":2,"skipped":0,"pct":100},"statements":{"total":14,"covered":14,"skipped":0,"pct":100},"branches":{"total":4,"covered":4,"skipped":0,"pct":100}}
,"/Users/denisniwemugisha/mybrand-nodejs-Api-s/src/middlewares/handleNotefound.js": {"lines":{"total":9,"covered":7,"skipped":0,"pct":77.77},"functions":{"total":3,"covered":1,"skipped":0,"pct":33.33},"statements":{"total":9,"covered":7,"skipped":0,"pct":77.77},"branches":{"total":0,"covered":0,"skipped":0,"pct":100}}
,"/Users/denisniwemugisha/mybrand-nodejs-Api-s/src/models/blogs.js": {"lines":{"total":4,"covered":4,"skipped":0,"pct":100},"functions":{"total":1,"covered":1,"skipped":0,"pct":100},"statements":{"total":6,"covered":6,"skipped":0,"pct":100},"branches":{"total":2,"covered":2,"skipped":0,"pct":100}}
,"/Users/denisniwemugisha/mybrand-nodejs-Api-s/src/models/comments.js": {"lines":{"total":3,"covered":3,"skipped":0,"pct":100},"functions":{"total":1,"covered":1,"skipped":0,"pct":100},"statements":{"total":5,"covered":5,"skipped":0,"pct":100},"branches":{"total":2,"covered":2,"skipped":0,"pct":100}}
,"/Users/denisniwemugisha/mybrand-nodejs-Api-s/src/models/messages.js": {"lines":{"total":4,"covered":4,"skipped":0,"pct":100},"functions":{"total":1,"covered":1,"skipped":0,"pct":100},"statements":{"total":6,"covered":6,"skipped":0,"pct":100},"branches":{"total":2,"covered":2,"skipped":0,"pct":100}}
,"/Users/denisniwemugisha/mybrand-nodejs-Api-s/src/models/users.js": {"lines":{"total":4,"covered":4,"skipped":0,"pct":100},"functions":{"total":1,"covered":1,"skipped":0,"pct":100},"statements":{"total":6,"covered":6,"skipped":0,"pct":100},"branches":{"total":2,"covered":2,"skipped":0,"pct":100}}
}
