{"total": {"lines":{"total":292,"covered":165,"skipped":0,"pct":56.5},"statements":{"total":319,"covered":186,"skipped":0,"pct":58.3},"functions":{"total":48,"covered":23,"skipped":0,"pct":47.91},"branches":{"total":68,"covered":35,"skipped":0,"pct":51.47},"branchesTrue":{"total":0,"covered":0,"skipped":0,"pct":100}}
,"/Users/denisniwemugisha/mybrand-nodejs-Api-s/src/server.js": {"lines":{"total":36,"covered":35,"skipped":0,"pct":97.22},"functions":{"total":2,"covered":2,"skipped":0,"pct":100},"statements":{"total":36,"covered":35,"skipped":0,"pct":97.22},"branches":{"total":4,"covered":3,"skipped":0,"pct":75}}
,"/Users/denisniwemugisha/mybrand-nodejs-Api-s/src/Routes/blogs.js": {"lines":{"total":15,"covered":15,"skipped":0,"pct":100},"functions":{"total":1,"covered":1,"skipped":0,"pct":100},"statements":{"total":16,"covered":16,"skipped":0,"pct":100},"branches":{"total":2,"covered":2,"skipped":0,"pct":100}}
,"/Users/denisniwemugisha/mybrand-nodejs-Api-s/src/Routes/messages.js": {"lines":{"total":10,"covered":10,"skipped":0,"pct":100},"functions":{"total":1,"covered":1,"skipped":0,"pct":100},"statements":{"total":10,"covered":10,"skipped":0,"pct":100},"branches":{"total":2,"covered":2,"skipped":0,"pct":100}}
,"/Users/denisniwemugisha/mybrand-nodejs-Api-s/src/Routes/users.js": {"lines":{"total":7,"covered":7,"skipped":0,"pct":100},"functions":{"total":1,"covered":1,"skipped":0,"pct":100},"statements":{"total":9,"covered":9,"skipped":0,"pct":100},"branches":{"total":2,"covered":2,"skipped":0,"pct":100}}
,"/Users/denisniwemugisha/mybrand-nodejs-Api-s/src/cloudinary/cloudinary.js": {"lines":{"total":9,"covered":6,"skipped":0,"pct":66.66},"functions":{"total":4,"covered":1,"skipped":0,"pct":25},"statements":{"total":10,"covered":7,"skipped":0,"pct":70},"branches":{"total":2,"covered":2,"skipped":0,"pct":100}}
,"/Users/denisniwemugisha/mybrand-nodejs-Api-s/src/cloudinary/multer.js": {"lines":{"total":4,"covered":3,"skipped":0,"pct":75},"functions":{"total":2,"covered":1,"skipped":0,"pct":50},"statements":{"total":5,"covered":4,"skipped":0,"pct":80},"branches":{"total":2,"covered":2,"skipped":0,"pct":100}}
,"/Users/denisniwemugisha/mybrand-nodejs-Api-s/src/connections/mongDBconnect.js": {"lines":{"total":4,"covered":4,"skipped":0,"pct":100},"functions":{"total":2,"covered":2,"skipped":0,"pct":100},"statements":{"total":5,"covered":5,"skipped":0,"pct":100},"branches":{"total":2,"covered":2,"skipped":0,"pct":100}}
,"/Users/denisniwemugisha/mybrand-nodejs-Api-s/src/controllers/blogs.js": {"lines":{"total":41,"covered":15,"skipped":0,"pct":36.58},"functions":{"total":8,"covered":2,"skipped":0,"pct":25},"statements":{"total":44,"covered":16,"skipped":0,"pct":36.36},"branches":{"total":2,"covered":2,"skipped":0,"pct":100}}
,"/Users/denisniwemugisha/mybrand-nodejs-Api-s/src/controllers/comments.js": {"lines":{"total":33,"covered":9,"skipped":0,"pct":27.27},"functions":{"total":4,"covered":1,"skipped":0,"pct":25},"statements":{"total":34,"covered":10,"skipped":0,"pct":29.41},"branches":{"total":6,"covered":2,"skipped":0,"pct":33.33}}
,"/Users/denisniwemugisha/mybrand-nodejs-Api-s/src/controllers/messages.js": {"lines":{"total":24,"covered":10,"skipped":0,"pct":41.66},"functions":{"total":5,"covered":1,"skipped":0,"pct":20},"statements":{"total":27,"covered":11,"skipped":0,"pct":40.74},"branches":{"total":6,"covered":2,"skipped":0,"pct":33.33}}
,"/Users/denisniwemugisha/mybrand-nodejs-Api-s/src/controllers/authController/logout.js": {"lines":{"total":16,"covered":5,"skipped":0,"pct":31.25},"functions":{"total":3,"covered":1,"skipped":0,"pct":33.33},"statements":{"total":19,"covered":6,"skipped":0,"pct":31.57},"branches":{"total":6,"covered":2,"skipped":0,"pct":33.33}}
,"/Users/denisniwemugisha/mybrand-nodejs-Api-s/src/controllers/authController/users.js": {"lines":{"total":45,"covered":10,"skipped":0,"pct":22.22},"functions":{"total":4,"covered":1,"skipped":0,"pct":25},"statements":{"total":46,"covered":11,"skipped":0,"pct":23.91},"branches":{"total":20,"covered":2,"skipped":0,"pct":10}}
,"/Users/denisniwemugisha/mybrand-nodejs-Api-s/src/documentation/swagger.doc.js": {"lines":{"total":5,"covered":5,"skipped":0,"pct":100},"functions":{"total":0,"covered":0,"skipped":0,"pct":100},"statements":{"total":6,"covered":6,"skipped":0,"pct":100},"branches":{"total":0,"covered":0,"skipped":0,"pct":100}}
,"/Users/denisniwemugisha/mybrand-nodejs-Api-s/src/middlewares/asyncWrapper.js": {"lines":{"total":6,"covered":5,"skipped":0,"pct":83.33},"functions":{"total":2,"covered":2,"skipped":0,"pct":100},"statements":{"total":6,"covered":5,"skipped":0,"pct":83.33},"branches":{"total":0,"covered":0,"skipped":0,"pct":100}}
,"/Users/denisniwemugisha/mybrand-nodejs-Api-s/src/middlewares/auth.js": {"lines":{"total":13,"covered":4,"skipped":0,"pct":30.76},"functions":{"total":2,"covered":1,"skipped":0,"pct":50},"statements":{"total":14,"covered":5,"skipped":0,"pct":35.71},"branches":{"total":4,"covered":2,"skipped":0,"pct":50}}
,"/Users/denisniwemugisha/mybrand-nodejs-Api-s/src/middlewares/handleNotefound.js": {"lines":{"total":9,"covered":7,"skipped":0,"pct":77.77},"functions":{"total":3,"covered":1,"skipped":0,"pct":33.33},"statements":{"total":9,"covered":7,"skipped":0,"pct":77.77},"branches":{"total":0,"covered":0,"skipped":0,"pct":100}}
,"/Users/denisniwemugisha/mybrand-nodejs-Api-s/src/models/blogs.js": {"lines":{"total":4,"covered":4,"skipped":0,"pct":100},"functions":{"total":1,"covered":1,"skipped":0,"pct":100},"statements":{"total":6,"covered":6,"skipped":0,"pct":100},"branches":{"total":2,"covered":2,"skipped":0,"pct":100}}
,"/Users/denisniwemugisha/mybrand-nodejs-Api-s/src/models/comments.js": {"lines":{"total":3,"covered":3,"skipped":0,"pct":100},"functions":{"total":1,"covered":1,"skipped":0,"pct":100},"statements":{"total":5,"covered":5,"skipped":0,"pct":100},"branches":{"total":2,"covered":2,"skipped":0,"pct":100}}
,"/Users/denisniwemugisha/mybrand-nodejs-Api-s/src/models/messages.js": {"lines":{"total":4,"covered":4,"skipped":0,"pct":100},"functions":{"total":1,"covered":1,"skipped":0,"pct":100},"statements":{"total":6,"covered":6,"skipped":0,"pct":100},"branches":{"total":2,"covered":2,"skipped":0,"pct":100}}
,"/Users/denisniwemugisha/mybrand-nodejs-Api-s/src/models/users.js": {"lines":{"total":4,"covered":4,"skipped":0,"pct":100},"functions":{"total":1,"covered":1,"skipped":0,"pct":100},"statements":{"total":6,"covered":6,"skipped":0,"pct":100},"branches":{"total":2,"covered":2,"skipped":0,"pct":100}}
}
